<?xml version="1.0" encoding="UTF-8"?>
<testsuite xmlns:xsi="http://www.w3.org/2001/XMLSchema-instance" xsi:noNamespaceSchemaLocation="https://maven.apache.org/surefire/maven-surefire-plugin/xsd/surefire-test-report-3.0.xsd" version="3.0" name="spl.lae.ConsolidatedExamplesTest" time="0.964" tests="28" errors="0" skipped="0" failures="0">
  <properties>
[...]
</properties>
  <testcase name="identityLargeTest" classname="spl.lae.ConsolidatedExamplesTest" time="0.192"/>
  <testcase name="largeIdentity5Test" classname="spl.lae.ConsolidatedExamplesTest" time="0.014"/>
  <testcase name="zeroThreadsThrows" classname="spl.lae.ConsolidatedExamplesTest" time="0.004"/>
  <testcase name="manyThreadsDeterminism" classname="spl.lae.ConsolidatedExamplesTest" time="0.106"/>
  <testcase name="identityMultiplication" classname="spl.lae.ConsolidatedExamplesTest" time="0.008"/>
  <testcase name="vecMatMulDimensionMismatchThrows" classname="spl.lae.ConsolidatedExamplesTest" time="0.003"/>
  <testcase name="transposeEqualityTest" classname="spl.lae.ConsolidatedExamplesTest" time="0.009"/>
  <testcase name="transposeDoubleTest" classname="spl.lae.ConsolidatedExamplesTest" time="0.009"/>
  <testcase name="nonSquareMultiplication" classname="spl.lae.ConsolidatedExamplesTest" time="0.008"/>
  <testcase name="inconsistentRowProducesError" classname="spl.lae.ConsolidatedExamplesTest" time="0.009"/>
  <testcase name="dimMismatchProducesError" classname="spl.lae.ConsolidatedExamplesTest" time="0.009">
    <system-err><![CDATA[java.lang.IllegalArgumentException: Vector length 3 does not match matrix column length 2
	at memory.SharedVector.vecMatMul(SharedVector.java:132)
	at spl.lae.LinearAlgebraEngine.lambda$1(LinearAlgebraEngine.java:142)
	at scheduling.TiredExecutor.lambda$0(TiredExecutor.java:56)
	at scheduling.TiredThread.run(TiredThread.java:134)
java.lang.IllegalArgumentException: Vector length 3 does not match matrix column length 2
	at memory.SharedVector.vecMatMul(SharedVector.java:132)
	at spl.lae.LinearAlgebraEngine.lambda$1(LinearAlgebraEngine.java:142)
	at scheduling.TiredExecutor.lambda$0(TiredExecutor.java:56)
	at scheduling.TiredThread.run(TiredThread.java:134)
]]></system-err>
  </testcase>
  <testcase name="inconsistentRow2ProducesError" classname="spl.lae.ConsolidatedExamplesTest" time="0.014"/>
  <testcase name="manyThreadsLargeDeterminism" classname="spl.lae.ConsolidatedExamplesTest" time="0.1"/>
  <testcase name="overflowTestLargeNumbers" classname="spl.lae.ConsolidatedExamplesTest" time="0.009"/>
  <testcase name="zeroMultiplicationGivesZero" classname="spl.lae.ConsolidatedExamplesTest" time="0.006"/>
  <testcase name="bigNumbersMultiplication" classname="spl.lae.ConsolidatedExamplesTest" time="0.01"/>
  <testcase name="copilotExampleProducesExpectedOutput" classname="spl.lae.ConsolidatedExamplesTest" time="0.007"/>
  <testcase name="negativeNumbersMultiplication" classname="spl.lae.ConsolidatedExamplesTest" time="0.008"/>
  <testcase name="invalidOperator2ProducesError" classname="spl.lae.ConsolidatedExamplesTest" time="0.008"/>
  <testcase name="threadVariationDeterminism" classname="spl.lae.ConsolidatedExamplesTest" time="0.047"/>
  <testcase name="dimMismatch2ProducesError" classname="spl.lae.ConsolidatedExamplesTest" time="0.008">
    <system-err><![CDATA[java.lang.IllegalArgumentException: Vector length 2 does not match matrix column length 1
	at memory.SharedVector.vecMatMul(SharedVector.java:132)
	at spl.lae.LinearAlgebraEngine.lambda$1(LinearAlgebraEngine.java:142)
	at scheduling.TiredExecutor.lambda$0(TiredExecutor.java:56)
	at scheduling.TiredThread.run(TiredThread.java:134)
]]></system-err>
  </testcase>
  <testcase name="complexNestedWorkerStatisticsReport" classname="spl.lae.ConsolidatedExamplesTest" time="0.012"/>
  <testcase name="transposeOperation" classname="spl.lae.ConsolidatedExamplesTest" time="0.014"/>
  <testcase name="chainedOperationsProduceExpected" classname="spl.lae.ConsolidatedExamplesTest" time="0.02"/>
  <testcase name="invalidOperatorProducesError" classname="spl.lae.ConsolidatedExamplesTest" time="0.023"/>
  <testcase name="singleElementMultiplication" classname="spl.lae.ConsolidatedExamplesTest" time="0.026"/>
  <testcase name="assocValidTest" classname="spl.lae.ConsolidatedExamplesTest" time="0.031"/>
  <testcase name="associativePropertyTest" classname="spl.lae.ConsolidatedExamplesTest" time="0.022"/>
</testsuite>