<?xml version="1.0" encoding="UTF-8"?>
<testsuite xmlns:xsi="http://www.w3.org/2001/XMLSchema-instance" xsi:noNamespaceSchemaLocation="https://maven.apache.org/surefire/maven-surefire-plugin/xsd/surefire-test-report-3.0.xsd" version="3.0" name="spl.lae.ConsolidatedExamplesTest" time="0.964" tests="28" errors="0" skipped="0" failures="0">
  <properties>
    <property name="java.specification.version" value="25"/>
    <property name="sun.cpu.isalist" value="amd64"/>
    <property name="sun.jnu.encoding" value="Cp1252"/>
    <property name="java.class.path" value="C:\Users\jmalm\Downloads\Skeleton folder\target\test-classes;C:\Users\jmalm\Downloads\Skeleton folder\target\classes;C:\Users\jmalm\.m2\repository\com\fasterxml\jackson\core\jackson-databind\2.15.2\jackson-databind-2.15.2.jar;C:\Users\jmalm\.m2\repository\com\fasterxml\jackson\core\jackson-annotations\2.15.2\jackson-annotations-2.15.2.jar;C:\Users\jmalm\.m2\repository\com\fasterxml\jackson\core\jackson-core\2.15.2\jackson-core-2.15.2.jar;C:\Users\jmalm\.m2\repository\org\junit\jupiter\junit-jupiter\5.10.0\junit-jupiter-5.10.0.jar;C:\Users\jmalm\.m2\repository\org\junit\jupiter\junit-jupiter-api\5.10.0\junit-jupiter-api-5.10.0.jar;C:\Users\jmalm\.m2\repository\org\opentest4j\opentest4j\1.3.0\opentest4j-1.3.0.jar;C:\Users\jmalm\.m2\repository\org\junit\platform\junit-platform-commons\1.10.0\junit-platform-commons-1.10.0.jar;C:\Users\jmalm\.m2\repository\org\apiguardian\apiguardian-api\1.1.2\apiguardian-api-1.1.2.jar;C:\Users\jmalm\.m2\repository\org\junit\jupiter\junit-jupiter-params\5.10.0\junit-jupiter-params-5.10.0.jar;C:\Users\jmalm\.m2\repository\org\junit\jupiter\junit-jupiter-engine\5.10.0\junit-jupiter-engine-5.10.0.jar;C:\Users\jmalm\.m2\repository\org\junit\platform\junit-platform-engine\1.10.0\junit-platform-engine-1.10.0.jar;"/>
    <property name="java.vm.vendor" value="Oracle Corporation"/>
    <property name="sun.arch.data.model" value="64"/>
    <property name="user.variant" value=""/>
    <property name="java.vendor.url" value="https://java.oracle.com/"/>
    <property name="user.timezone" value="Asia/Jerusalem"/>
    <property name="os.name" value="Windows 11"/>
    <property name="java.vm.specification.version" value="25"/>
    <property name="sun.java.launcher" value="SUN_STANDARD"/>
    <property name="user.country" value="US"/>
    <property name="sun.boot.library.path" value="C:\Program Files\Java\jdk-25\bin"/>
    <property name="sun.java.command" value="C:\Users\jmalm\AppData\Local\Temp\surefire8862771472146887201\surefirebooter-20251230113149554_3.jar C:\Users\jmalm\AppData\Local\Temp\surefire8862771472146887201 2025-12-30T11-31-49_274-jvmRun1 surefire-20251230113149554_1tmp surefire_0-20251230113149554_2tmp"/>
    <property name="jdk.debug" value="release"/>
    <property name="surefire.test.class.path" value="C:\Users\jmalm\Downloads\Skeleton folder\target\test-classes;C:\Users\jmalm\Downloads\Skeleton folder\target\classes;C:\Users\jmalm\.m2\repository\com\fasterxml\jackson\core\jackson-databind\2.15.2\jackson-databind-2.15.2.jar;C:\Users\jmalm\.m2\repository\com\fasterxml\jackson\core\jackson-annotations\2.15.2\jackson-annotations-2.15.2.jar;C:\Users\jmalm\.m2\repository\com\fasterxml\jackson\core\jackson-core\2.15.2\jackson-core-2.15.2.jar;C:\Users\jmalm\.m2\repository\org\junit\jupiter\junit-jupiter\5.10.0\junit-jupiter-5.10.0.jar;C:\Users\jmalm\.m2\repository\org\junit\jupiter\junit-jupiter-api\5.10.0\junit-jupiter-api-5.10.0.jar;C:\Users\jmalm\.m2\repository\org\opentest4j\opentest4j\1.3.0\opentest4j-1.3.0.jar;C:\Users\jmalm\.m2\repository\org\junit\platform\junit-platform-commons\1.10.0\junit-platform-commons-1.10.0.jar;C:\Users\jmalm\.m2\repository\org\apiguardian\apiguardian-api\1.1.2\apiguardian-api-1.1.2.jar;C:\Users\jmalm\.m2\repository\org\junit\jupiter\junit-jupiter-params\5.10.0\junit-jupiter-params-5.10.0.jar;C:\Users\jmalm\.m2\repository\org\junit\jupiter\junit-jupiter-engine\5.10.0\junit-jupiter-engine-5.10.0.jar;C:\Users\jmalm\.m2\repository\org\junit\platform\junit-platform-engine\1.10.0\junit-platform-engine-1.10.0.jar;"/>
    <property name="sun.cpu.endian" value="little"/>
    <property name="user.home" value="C:\Users\jmalm"/>
    <property name="user.language" value="en"/>
    <property name="java.specification.vendor" value="Oracle Corporation"/>
    <property name="java.version.date" value="2025-10-21"/>
    <property name="java.home" value="C:\Program Files\Java\jdk-25"/>
    <property name="file.separator" value="\"/>
    <property name="basedir" value="C:\Users\jmalm\Downloads\Skeleton folder"/>
    <property name="java.vm.compressedOopsMode" value="Zero based"/>
    <property name="line.separator" value="&#10;"/>
    <property name="java.vm.specification.vendor" value="Oracle Corporation"/>
    <property name="java.specification.name" value="Java Platform API Specification"/>
    <property name="surefire.real.class.path" value="C:\Users\jmalm\AppData\Local\Temp\surefire8862771472146887201\surefirebooter-20251230113149554_3.jar"/>
    <property name="user.script" value=""/>
    <property name="sun.management.compiler" value="HotSpot 64-Bit Tiered Compilers"/>
    <property name="java.runtime.version" value="25.0.1+8-LTS-27"/>
    <property name="user.name" value="jmalm"/>
    <property name="stdout.encoding" value="Cp1252"/>
    <property name="path.separator" value=";"/>
    <property name="os.version" value="10.0"/>
    <property name="java.runtime.name" value="Java(TM) SE Runtime Environment"/>
    <property name="file.encoding" value="UTF-8"/>
    <property name="java.vm.name" value="Java HotSpot(TM) 64-Bit Server VM"/>
    <property name="localRepository" value="C:\Users\jmalm\.m2\repository"/>
    <property name="java.vendor.url.bug" value="https://bugreport.java.com/bugreport/"/>
    <property name="java.io.tmpdir" value="C:\Users\jmalm\AppData\Local\Temp\"/>
    <property name="java.version" value="25.0.1"/>
    <property name="user.dir" value="C:\Users\jmalm\Downloads\Skeleton folder"/>
    <property name="os.arch" value="amd64"/>
    <property name="java.vm.specification.name" value="Java Virtual Machine Specification"/>
    <property name="sun.os.patch.level" value=""/>
    <property name="native.encoding" value="Cp1252"/>
    <property name="trimStackTrace" value="false"/>
    <property name="java.library.path" value="C:\Program Files\Java\jdk-25\bin;C:\WINDOWS\Sun\Java\bin;C:\WINDOWS\system32;C:\WINDOWS;c:\Users\jmalm\AppData\Roaming\Code\User\globalStorage\github.copilot-chat\debugCommand;c:\Users\jmalm\AppData\Roaming\Code\User\globalStorage\github.copilot-chat\copilotCli;C:\Program Files\Common Files\Oracle\Java\javapath;C:\WINDOWS\system32;C:\WINDOWS;C:\WINDOWS\System32\Wbem;C:\WINDOWS\System32\WindowsPowerShell\v1.0\;C:\WINDOWS\System32\OpenSSH\;C:\Program Files\Git\cmd;C:\Program Files\Docker\Docker\resources\bin;C:\Users\jmalm\Downloads\jdk-21.0.8_windows-x64_bin.zip\jdk-21.0.8\bin;C:\Program Files\Java\jdk-25\bin;C:\Program Files\apache-maven-3.9.11\bin;C:\Users\jmalm\AppData\Local\Microsoft\WindowsApps;;C:\Program Files\JetBrains\IntelliJ IDEA 2023.3.2\bin;;C:\Users\jmalm\AppData\Local\Programs\Microsoft VS Code\bin;c:\Users\jmalm\.vscode\extensions\vscjava.vscode-java-debug-0.58.4\bundled\scripts\noConfigScripts;."/>
    <property name="java.vm.info" value="mixed mode, sharing"/>
    <property name="stderr.encoding" value="Cp1252"/>
    <property name="java.vendor" value="Oracle Corporation"/>
    <property name="java.vm.version" value="25.0.1+8-LTS-27"/>
    <property name="stdin.encoding" value="Cp1252"/>
    <property name="sun.io.unicode.encoding" value="UnicodeLittle"/>
    <property name="java.class.version" value="69.0"/>
  </properties>
  <testcase name="identityLargeTest" classname="spl.lae.ConsolidatedExamplesTest" time="0.192"/>
  <testcase name="largeIdentity5Test" classname="spl.lae.ConsolidatedExamplesTest" time="0.014"/>
  <testcase name="zeroThreadsThrows" classname="spl.lae.ConsolidatedExamplesTest" time="0.004"/>
  <testcase name="manyThreadsDeterminism" classname="spl.lae.ConsolidatedExamplesTest" time="0.106"/>
  <testcase name="identityMultiplication" classname="spl.lae.ConsolidatedExamplesTest" time="0.008"/>
  <testcase name="vecMatMulDimensionMismatchThrows" classname="spl.lae.ConsolidatedExamplesTest" time="0.003"/>
  <testcase name="transposeEqualityTest" classname="spl.lae.ConsolidatedExamplesTest" time="0.009"/>
  <testcase name="transposeDoubleTest" classname="spl.lae.ConsolidatedExamplesTest" time="0.009"/>
  <testcase name="nonSquareMultiplication" classname="spl.lae.ConsolidatedExamplesTest" time="0.008"/>
  <testcase name="inconsistentRowProducesError" classname="spl.lae.ConsolidatedExamplesTest" time="0.009"/>
  <testcase name="dimMismatchProducesError" classname="spl.lae.ConsolidatedExamplesTest" time="0.009">
    <system-err><![CDATA[java.lang.IllegalArgumentException: Vector length 3 does not match matrix column length 2
	at memory.SharedVector.vecMatMul(SharedVector.java:132)
	at spl.lae.LinearAlgebraEngine.lambda$1(LinearAlgebraEngine.java:142)
	at scheduling.TiredExecutor.lambda$0(TiredExecutor.java:56)
	at scheduling.TiredThread.run(TiredThread.java:134)
java.lang.IllegalArgumentException: Vector length 3 does not match matrix column length 2
	at memory.SharedVector.vecMatMul(SharedVector.java:132)
	at spl.lae.LinearAlgebraEngine.lambda$1(LinearAlgebraEngine.java:142)
	at scheduling.TiredExecutor.lambda$0(TiredExecutor.java:56)
	at scheduling.TiredThread.run(TiredThread.java:134)
]]></system-err>
  </testcase>
  <testcase name="inconsistentRow2ProducesError" classname="spl.lae.ConsolidatedExamplesTest" time="0.014"/>
  <testcase name="manyThreadsLargeDeterminism" classname="spl.lae.ConsolidatedExamplesTest" time="0.1"/>
  <testcase name="overflowTestLargeNumbers" classname="spl.lae.ConsolidatedExamplesTest" time="0.009"/>
  <testcase name="zeroMultiplicationGivesZero" classname="spl.lae.ConsolidatedExamplesTest" time="0.006"/>
  <testcase name="bigNumbersMultiplication" classname="spl.lae.ConsolidatedExamplesTest" time="0.01"/>
  <testcase name="copilotExampleProducesExpectedOutput" classname="spl.lae.ConsolidatedExamplesTest" time="0.007"/>
  <testcase name="negativeNumbersMultiplication" classname="spl.lae.ConsolidatedExamplesTest" time="0.008"/>
  <testcase name="invalidOperator2ProducesError" classname="spl.lae.ConsolidatedExamplesTest" time="0.008"/>
  <testcase name="threadVariationDeterminism" classname="spl.lae.ConsolidatedExamplesTest" time="0.047"/>
  <testcase name="dimMismatch2ProducesError" classname="spl.lae.ConsolidatedExamplesTest" time="0.008">
    <system-err><![CDATA[java.lang.IllegalArgumentException: Vector length 2 does not match matrix column length 1
	at memory.SharedVector.vecMatMul(SharedVector.java:132)
	at spl.lae.LinearAlgebraEngine.lambda$1(LinearAlgebraEngine.java:142)
	at scheduling.TiredExecutor.lambda$0(TiredExecutor.java:56)
	at scheduling.TiredThread.run(TiredThread.java:134)
]]></system-err>
  </testcase>
  <testcase name="complexNestedWorkerStatisticsReport" classname="spl.lae.ConsolidatedExamplesTest" time="0.012"/>
  <testcase name="transposeOperation" classname="spl.lae.ConsolidatedExamplesTest" time="0.014"/>
  <testcase name="chainedOperationsProduceExpected" classname="spl.lae.ConsolidatedExamplesTest" time="0.02"/>
  <testcase name="invalidOperatorProducesError" classname="spl.lae.ConsolidatedExamplesTest" time="0.023"/>
  <testcase name="singleElementMultiplication" classname="spl.lae.ConsolidatedExamplesTest" time="0.026"/>
  <testcase name="assocValidTest" classname="spl.lae.ConsolidatedExamplesTest" time="0.031"/>
  <testcase name="associativePropertyTest" classname="spl.lae.ConsolidatedExamplesTest" time="0.022"/>
</testsuite>